<?xml version="1.0" encoding="UTF-8"?>
<!-- Generated by org.testng.reporters.JUnitReportReporter -->
<testsuite skipped="0" hostname="IN-vberad-W1" name="com.docker.DockerSetUp" tests="1" failures="0" timestamp="2021-05-29T18:18:28 IST" time="20.127" errors="0">
  <testcase name="start_Docker" time="20.127" classname="com.docker.DockerSetUp"/>
  <system-out/>
</testsuite> <!-- com.docker.DockerSetUp -->
