<?xml version="1.0" encoding="UTF-8"?>
<!-- Generated by org.testng.reporters.JUnitReportReporter -->
<testsuite skipped="1" hostname="IN-vberad-W1" name="com.docker.GoogleTest" tests="1" failures="0" timestamp="2021-05-29T21:17:50 IST" time="0.000" errors="0">
  <testcase name="validate_Google_Title" time="0.000" classname="com.docker.GoogleTest">
    <skipped/>
  </testcase> <!-- validate_Google_Title -->
  <system-out/>
</testsuite> <!-- com.docker.GoogleTest -->
